2018/11/07-08:57 [main] INFO  com.tnar.mytest.springboottest.SpringboottestApplication- Starting SpringboottestApplication on DESKTOP-8NFBQUO with PID 20240 (E:\workplace\java_place\springboottest\target\classes started by 13959 in E:\workplace\java_place\springboottest)
2018/11/07-08:57 [main] INFO  com.tnar.mytest.springboottest.SpringboottestApplication- No active profile set, falling back to default profiles: default
2018/11/07-08:57 [main] INFO  org.springframework.boot.web.embedded.tomcat.TomcatWebServer- Tomcat initialized with port(s): 8080 (http)
2018/11/07-08:57 [main] INFO  org.apache.catalina.core.StandardService- Starting service [Tomcat]
2018/11/07-08:57 [main] INFO  org.apache.catalina.core.StandardEngine- Starting Servlet Engine: Apache Tomcat/9.0.12
2018/11/07-08:57 [main] INFO  org.apache.catalina.core.AprLifecycleListener- The APR based Apache Tomcat Native library which allows optimal performance in production environments was not found on the java.library.path: [E:\programe\jdk\jdk1.8\bin;C:\WINDOWS\Sun\Java\bin;C:\WINDOWS\system32;C:\WINDOWS;C:\WINDOWS\system32;C:\WINDOWS;C:\WINDOWS\System32\Wbem;C:\WINDOWS\System32\WindowsPowerShell\v1.0\;E:\programe\jdk\jdk1.8\bin;E:\programe\jdk\jdk1.8\jre\bin;E:\maven\apache-maven-3.5.4\bin;C:\Users\13959\AppData\Local\Microsoft\WindowsApps;;.]
2018/11/07-08:57 [main] INFO  org.apache.catalina.core.ContainerBase.[Tomcat].[localhost].[/]- Initializing Spring embedded WebApplicationContext
2018/11/07-08:57 [main] INFO  org.springframework.web.context.ContextLoader- Root WebApplicationContext: initialization completed in 1824 ms
2018/11/07-08:57 [main] INFO  org.springframework.boot.web.servlet.ServletRegistrationBean- Servlet dispatcherServlet mapped to [/]
2018/11/07-08:57 [main] INFO  org.springframework.boot.web.servlet.FilterRegistrationBean- Mapping filter: 'characterEncodingFilter' to: [/*]
2018/11/07-08:57 [main] INFO  org.springframework.boot.web.servlet.FilterRegistrationBean- Mapping filter: 'hiddenHttpMethodFilter' to: [/*]
2018/11/07-08:57 [main] INFO  org.springframework.boot.web.servlet.FilterRegistrationBean- Mapping filter: 'formContentFilter' to: [/*]
2018/11/07-08:57 [main] INFO  org.springframework.boot.web.servlet.FilterRegistrationBean- Mapping filter: 'requestContextFilter' to: [/*]
2018/11/07-08:57 [main] INFO  com.zaxxer.hikari.HikariDataSource- HikariPool-1 - Starting...
2018/11/07-08:57 [main] INFO  com.zaxxer.hikari.HikariDataSource- HikariPool-1 - Start completed.
2018/11/07-08:57 [main] INFO  org.springframework.scheduling.concurrent.ThreadPoolTaskExecutor- Initializing ExecutorService 'applicationTaskExecutor'
2018/11/07-08:57 [main] INFO  org.springframework.boot.web.embedded.tomcat.TomcatWebServer- Tomcat started on port(s): 8080 (http) with context path ''
2018/11/07-08:57 [main] INFO  com.tnar.mytest.springboottest.SpringboottestApplication- Started SpringboottestApplication in 5.533 seconds (JVM running for 7.304)
2018/11/07-08:57 [http-nio-8080-exec-2] INFO  org.apache.catalina.core.ContainerBase.[Tomcat].[localhost].[/]- Initializing Spring DispatcherServlet 'dispatcherServlet'
2018/11/07-08:57 [http-nio-8080-exec-2] INFO  org.springframework.web.servlet.DispatcherServlet- Initializing Servlet 'dispatcherServlet'
2018/11/07-08:57 [http-nio-8080-exec-2] INFO  org.springframework.web.servlet.DispatcherServlet- Completed initialization in 21 ms
